<?xml version="1.0" encoding="UTF-8"?>
<project version="4">
  <component name="ChatHistory">
    <accountData>
      <list>
        <AccountData>
          <accountId value="VXNlcjoxNjAyODI=" />
          <chats>
            <list>
              <chat>
                <internalId value="bc8ca4aa-b3e8-4c77-b2e9-922851048871" />
                <llm>
                  <llm>
                    <model value="anthropic/claude-3-sonnet-20240229" />
                    <provider value="Anthropic" />
                    <title value="Claude 3 Sonnet" />
                  </llm>
                </llm>
              </chat>
              <chat>
                <internalId value="d6f1a526-af79-417c-8e6f-4455243f6663" />
                <llm>
                  <llm>
                    <model value="anthropic/claude-3-sonnet-20240229" />
                    <provider value="Anthropic" />
                    <title value="Claude 3 Sonnet" />
                  </llm>
                </llm>
              </chat>
              <chat>
                <internalId value="5ac12ece-3306-4373-9166-89943cfaa431" />
                <llm>
                  <llm>
                    <model value="anthropic/claude-3-sonnet-20240229" />
                    <provider value="Anthropic" />
                    <title value="Claude 3 Sonnet" />
                  </llm>
                </llm>
              </chat>
              <chat>
                <internalId value="4239162e-6449-4087-a854-5c4905284587" />
                <llm>
                  <llm>
                    <model value="anthropic/claude-3-sonnet-20240229" />
                    <provider value="Anthropic" />
                    <title value="Claude 3 Sonnet" />
                  </llm>
                </llm>
              </chat>
              <chat>
                <internalId value="b1dd7f73-6dec-4513-a37f-0eaf2640d147" />
                <llm>
                  <llm>
                    <model value="anthropic/claude-3-sonnet-20240229" />
                    <provider value="Anthropic" />
                    <title value="Claude 3 Sonnet" />
                  </llm>
                </llm>
                <messages>
                  <list>
                    <message>
                      <speaker value="HUMAN" />
                      <text value="Cannot invoke &amp;quot;org.apache.maven.surefire.shade.org.apache.commons.lang3.JavaVersion.atLeast(org.apache.maven.surefire.shade.org.apache.commons.lang3.JavaVersion)&amp;quot; because &amp;quot;org.apache.maven.surefire.shade.org.apache.commons.lang3.SystemUtils.JAVA_SPECIFICATION_VERSION_AS_ENUM&amp;quot; is null&#10;" />
                    </message>
                    <message>
                      <speaker value="ASSISTANT" />
                      <text value="The error message &quot;Cannot invoke `org.apache.maven.surefire.shade.org.apache.commons.lang3.JavaVersion.atLeast(org.apache.maven.surefire.shade.org.apache.commons.lang3.JavaVersion)` because `org.apache.maven.surefire.shade.org.apache.commons.lang3.SystemUtils.JAVA_SPECIFICATION_VERSION_AS_ENUM` is null&quot; typically occurs when there is an issue with the Java version detection mechanism in the Apache Maven Surefire Plugin.&#10;&#10;This error can occur due to various reasons, such as:&#10;&#10;1. **Classpath issues**: The Apache Commons Lang library, which is responsible for Java version detection, may not be present in the classpath or may have conflicting versions.&#10;&#10;2. **Java version compatibility**: The Apache Commons Lang library may not support the specific Java version you are using, or there could be compatibility issues between the library and the Java version.&#10;&#10;3. **Shaded dependencies**: If you are using a shaded version of the Apache Commons Lang library (as indicated by the `org.apache.maven.surefire.shade` package prefix), there could be issues with the shading process or conflicts with other shaded dependencies.&#10;&#10;Here are some potential solutions to try:&#10;&#10;1. **Update Maven Surefire Plugin**: Ensure that you are using the latest version of the Maven Surefire Plugin, as older versions may have issues with Java version detection.&#10;&#10;2. **Check dependencies**: Verify that the Apache Commons Lang library is present in your project's dependencies and that there are no version conflicts.&#10;&#10;3. **Exclude shaded dependencies**: If you are using a shaded version of the Apache Commons Lang library, try excluding it from the shaded dependencies and use the regular version instead.&#10;&#10;4. **Use a different Java version**: Try running your Maven build with a different Java version to see if the issue is specific to the Java version you are currently using.&#10;&#10;5. **Check Maven logs**: Examine the Maven build logs for any additional information or error messages that may provide more context about the issue.&#10;&#10;If none of these solutions work, you may need to investigate further or seek assistance from the Maven Surefire Plugin community or Apache Commons Lang project." />
                    </message>
                    <message>
                      <speaker value="HUMAN" />
                      <text value="отвечай на русском" />
                    </message>
                    <message>
                      <speaker value="ASSISTANT" />
                      <text value="Хорошо, буду отвечать на русском языке.&#10;&#10;Сообщение об ошибке &quot;Cannot invoke `org.apache.maven.surefire.shade.org.apache.commons.lang3.JavaVersion.atLeast(org.apache.maven.surefire.shade.org.apache.commons.lang3.JavaVersion)` because `org.apache.maven.surefire.shade.org.apache.commons.lang3.SystemUtils.JAVA_SPECIFICATION_VERSION_AS_ENUM` is null&quot; обычно возникает, когда есть проблема с механизмом определения версии Java в плагине Apache Maven Surefire.&#10;&#10;Эта ошибка может возникать по разным причинам, таким как:&#10;&#10;1. **Проблемы с classpath**: Библиотека Apache Commons Lang, ответственная за определение версии Java, может отсутствовать в classpath или могут быть конфликтующие версии.&#10;&#10;2. **Совместимость версии Java**: Библиотека Apache Commons Lang может не поддерживать конкретную версию Java, которую вы используете, или могут быть проблемы совместимости между библиотекой и версией Java.&#10;&#10;3. **Затененные зависимости**: Если вы используете затененную версию библиотеки Apache Commons Lang (как указано префиксом пакета `org.apache.maven.surefire.shade`), могут возникнуть проблемы с процессом затенения или конфликты с другими затененными зависимостями.&#10;&#10;Вот некоторые потенциальные решения, которые можно попробовать:&#10;&#10;1. **Обновить Maven Surefire Plugin**: Убедитесь, что вы используете последнюю версию плагина Maven Surefire, так как старые версии могут иметь проблемы с определением версии Java.&#10;&#10;2. **Проверить зависимости**: Убедитесь, что библиотека Apache Commons Lang присутствует в зависимостях вашего проекта и нет конфликтов версий.&#10;&#10;3. **Исключить затененные зависимости**: Если вы используете затененную версию библиотеки Apache Commons Lang, попробуйте исключить ее из затененных зависимостей и использовать обычную версию.&#10;&#10;4. **Использовать другую версию Java**: Попробуйте запустить сборку Maven с другой версией Java, чтобы увидеть, является ли проблема специфичной для текущей версии Java.&#10;&#10;5. **Проверить логи Maven**: Изучите логи сборки Maven на наличие дополнительной информации или сообщений об ошибках, которые могут предоставить больше контекста о проблеме.&#10;&#10;Если ни одно из этих решений не работает, вам может потребоваться дальнейшее расследование или обращение за помощью к сообществу плагина Maven Surefire или проекту Apache Commons Lang." />
                    </message>
                    <message>
                      <speaker value="HUMAN" />
                      <text value="The POM for com.sun.xml.bind:jaxb-osgi:jar:2.2.10 is invalid, transitive dependencies (if any) will not be available, enable debug logging for more details&#10;&#10;" />
                    </message>
                    <message>
                      <speaker value="ASSISTANT" />
                      <text value="Это сообщение указывает на проблему с зависимостью `com.sun.xml.bind:jaxb-osgi:jar:2.2.10` в вашем проекте Maven. Проблема заключается в том, что файл POM (Project Object Model) для этой зависимости недействителен, и Maven не может правильно разрешить ее транзитивные зависимости (если таковые имеются).&#10;&#10;Возможные причины этой проблемы:&#10;&#10;1. **Некорректный файл POM**: Файл POM для зависимости `jaxb-osgi` может быть поврежден или содержать ошибки, которые делают его недействительным.&#10;&#10;2. **Проблемы с репозиторием**: Если зависимость загружается из удаленного репозитория, проблема может быть связана с недоступностью или некорректной конфигурацией этого репозитория.&#10;&#10;3. **Конфликты зависимостей**: Возможно, существует конфликт между этой зависимостью и другими зависимостями в вашем проекте.&#10;&#10;Для решения этой проблемы вы можете попробовать следующее:&#10;&#10;1. **Включить отладочный режим Maven**: Как указано в сообщении об ошибке, вы можете включить отладочный режим Maven, чтобы получить более подробную информацию о проблеме. Для этого добавьте параметр `-X` при запуске Maven, например: `mvn clean install -X`.&#10;&#10;2. **Проверить репозиторий**: Убедитесь, что репозиторий, из которого загружается зависимость `jaxb-osgi`, доступен и правильно сконфигурирован в вашем файле `pom.xml`.&#10;&#10;3. **Попробовать другую версию зависимости**: Попробуйте использовать другую версию зависимости `jaxb-osgi`, возможно, более новую или более старую, чтобы проверить, решит ли это проблему.&#10;&#10;4. **Исключить зависимость**: Если зависимость `jaxb-osgi` не является критически важной для вашего проекта, вы можете попробовать исключить ее из списка зависимостей.&#10;&#10;5. **Проверить конфликты зависимостей**: Используйте инструмент Maven для анализа зависимостей, такой как `mvn dependency:tree`, чтобы проверить наличие конфликтов зависимостей и попытаться их разрешить.&#10;&#10;Если ни одно из этих решений не помогает, вы можете обратиться за помощью к сообществу Maven или поискать дополнительную информацию в Интернете, связанную с этой конкретной проблемой." />
                    </message>
                    <message>
                      <speaker value="HUMAN" />
                      <text value="Cannot invoke &amp;quot;org.apache.maven.surefire.shade.org.apache.commons.lang3.JavaVersion.atLeast(org.apache.maven.surefire.shade.org.apache.commons.lang3.JavaVersion)&amp;quot; because &amp;quot;org.apache.maven.surefire.shade.org.apache.commons.lang3.SystemUtils.JAVA_SPECIFICATION_VERSION_AS_ENUM&amp;quot; is null&#10;" />
                    </message>
                    <message>
                      <speaker value="ASSISTANT" />
                      <text value="Эта ошибка связана с проблемой определения версии Java в библиотеке Apache Commons Lang, которая используется плагином Maven Surefire для выполнения тестов.&#10;&#10;Возможные причины:&#10;&#10;1. **Конфликт версий библиотеки Apache Commons Lang**: В вашем проекте может быть несколько версий этой библиотеки, что приводит к конфликту и ошибке.&#10;&#10;2. **Проблема с затенением библиотеки**: Префикс `org.apache.maven.surefire.shade` указывает на то, что библиотека Apache Commons Lang была затенена (shaded) плагином Maven Surefire. Возможно, процесс затенения прошел некорректно.&#10;&#10;3. **Несовместимость с версией Java**: Библиотека Apache Commons Lang может быть несовместима с версией Java, которую вы используете.&#10;&#10;Вот несколько способов решения этой проблемы:&#10;&#10;1. **Обновить Maven Surefire Plugin**: Попробуйте обновить плагин Maven Surefire до последней версии, так как более новые версии могут содержать исправления для этой проблемы.&#10;&#10;2. **Исключить затененную библиотеку**: Попробуйте исключить затененную версию библиотеки Apache Commons Lang из зависимостей и использовать обычную версию библиотеки. Для этого добавьте следующий код в секцию `&lt;dependencies&gt;` вашего файла `pom.xml`:&#10;&#10;```xml&#10;&lt;dependency&gt;&#10;    &lt;groupId&gt;org.apache.maven.surefire&lt;/groupId&gt;&#10;    &lt;artifactId&gt;surefire-shadefire&lt;/artifactId&gt;&#10;    &lt;version&gt;${surefire.version}&lt;/version&gt;&#10;    &lt;exclusions&gt;&#10;        &lt;exclusion&gt;&#10;            &lt;groupId&gt;org.apache.maven.surefire.shade&lt;/groupId&gt;&#10;            &lt;artifactId&gt;apache-commons-lang3&lt;/artifactId&gt;&#10;        &lt;/exclusion&gt;&#10;    &lt;/exclusions&gt;&#10;&lt;/dependency&gt;&#10;```&#10;&#10;3. **Использовать другую версию Java**: Попробуйте запустить сборку Maven с другой версией Java, чтобы проверить, является ли проблема специфичной для текущей версии.&#10;&#10;4. **Проверить зависимости**: Используйте команду `mvn dependency:tree` для анализа зависимостей вашего проекта и выявления возможных конфликтов версий библиотек.&#10;&#10;5. **Очистить кэш Maven**: Иногда проблема может быть связана с кэшированными зависимостями Maven. Попробуйте очистить кэш Maven с помощью команды `mvn clean`.&#10;&#10;Если ни одно из этих решений не помогает, вы можете обратиться за помощью к сообществу Maven или Apache Commons Lang, предоставив дополнительную информацию о вашем проекте и окружении." />
                    </message>
                    <message>
                      <speaker value="HUMAN" />
                      <text value="C:\Users\Savin\.jdks\corretto-17.0.6\bin\java.exe -Dvisualvm.id=15839257129900 -ea -javaagent:C:\Users\Savin\.m2\repository/org/aspectj/aspectjweaver/1.9.5/aspectjweaver-1.9.5.jar -Didea.test.cyclic.buffer.size=1048576 &amp;quot;-javaagent:C:\Program Files\JetBrains\IntelliJ IDEA Community Edition 2022.1.4\lib\idea_rt.jar=55593:C:\Program Files\JetBrains\IntelliJ IDEA Community Edition 2022.1.4\bin&amp;quot; -Dfile.encoding=UTF-8 -classpath &amp;quot;C:\Users\Savin\.m2\repository\org\junit\jupiter\junit-jupiter-engine\5.4.0\junit-jupiter-engine-5.4.0.jar;C:\Users\Savin\.m2\repository\org\opentest4j\opentest4j\1.1.1\opentest4j-1.1.1.jar;C:\Users\Savin\.m2\repository\org\junit\vintage\junit-vintage-engine\5.4.0\junit-vintage-engine-5.4.0.jar;C:\Program Files\JetBrains\IntelliJ IDEA Community Edition 2022.1.4\lib\idea_rt.jar;C:\Program Files\JetBrains\IntelliJ IDEA Community Edition 2022.1.4\plugins\junit\lib\junit5-rt.jar;C:\Program Files\JetBrains\IntelliJ IDEA Community Edition 2022.1.4\plugins\junit\lib\junit-rt.jar;C:\AQAPractice\HomefeelAQAPractise\HFTesting\target\test-classes;C:\AQAPractice\HomefeelAQAPractise\HFTesting\target\classes;C:\Users\Savin\.m2\repository\org\seleniumhq\selenium\selenium-java\4.19.1\selenium-java-4.19.1.jar;C:\Users\Savin\.m2\repository\org\seleniumhq\selenium\selenium-devtools-v121\4.19.1\selenium-devtools-v121-4.19.1.jar;C:\Users\Savin\.m2\repository\org\seleniumhq\selenium\selenium-devtools-v122\4.19.1\selenium-devtools-v122-4.19.1.jar;C:\Users\Savin\.m2\repository\org\seleniumhq\selenium\selenium-devtools-v123\4.19.1\selenium-devtools-v123-4.19.1.jar;C:\Users\Savin\.m2\repository\org\seleniumhq\selenium\selenium-devtools-v85\4.19.1\selenium-devtools-v85-4.19.1.jar;C:\Users\Savin\.m2\repository\org\seleniumhq\selenium\selenium-edge-driver\4.19.1\selenium-edge-driver-4.19.1.jar;C:\Users\Savin\.m2\repository\org\seleniumhq\selenium\selenium-firefox-driver\4.19.1\selenium-firefox-driver-4.19.1.jar;C:\Users\Savin\.m2\repository\org\seleniumhq\selenium\selenium-http\4.19.1\selenium-http-4.19.1.jar;C:\Users\Savin\.m2\repository\dev\failsafe\failsafe\3.3.2\failsafe-3.3.2.jar;C:\Users\Savin\.m2\repository\org\seleniumhq\selenium\selenium-ie-driver\4.19.1\selenium-ie-driver-4.19.1.jar;C:\Users\Savin\.m2\repository\org\seleniumhq\selenium\selenium-remote-driver\4.19.1\selenium-remote-driver-4.19.1.jar;C:\Users\Savin\.m2\repository\io\opentelemetry\semconv\opentelemetry-semconv\1.23.1-alpha\opentelemetry-semconv-1.23.1-alpha.jar;C:\Users\Savin\.m2\repository\io\opentelemetry\opentelemetry-api\1.36.0\opentelemetry-api-1.36.0.jar;C:\Users\Savin\.m2\repository\io\opentelemetry\opentelemetry-context\1.36.0\opentelemetry-context-1.36.0.jar;C:\Users\Savin\.m2\repository\io\opentelemetry\opentelemetry-exporter-logging\1.36.0\opentelemetry-exporter-logging-1.36.0.jar;C:\Users\Savin\.m2\repository\io\opentelemetry\opentelemetry-sdk-common\1.36.0\opentelemetry-sdk-common-1.36.0.jar;C:\Users\Savin\.m2\repository\io\opentelemetry\opentelemetry-sdk-extension-autoconfigure-spi\1.36.0\opentelemetry-sdk-extension-autoconfigure-spi-1.36.0.jar;C:\Users\Savin\.m2\repository\io\opentelemetry\opentelemetry-sdk-extension-autoconfigure\1.36.0\opentelemetry-sdk-extension-autoconfigure-1.36.0.jar;C:\Users\Savin\.m2\repository\io\opentelemetry\opentelemetry-api-events\1.36.0-alpha\opentelemetry-api-events-1.36.0-alpha.jar;C:\Users\Savin\.m2\repository\io\opentelemetry\opentelemetry-sdk-trace\1.36.0\opentelemetry-sdk-trace-1.36.0.jar;C:\Users\Savin\.m2\repository\io\opentelemetry\opentelemetry-extension-incubator\1.36.0-alpha\opentelemetry-extension-incubator-1.36.0-alpha.jar;C:\Users\Savin\.m2\repository\io\opentelemetry\opentelemetry-sdk\1.36.0\opentelemetry-sdk-1.36.0.jar;C:\Users\Savin\.m2\repository\io\opentelemetry\opentelemetry-sdk-metrics\1.36.0\opentelemetry-sdk-metrics-1.36.0.jar;C:\Users\Savin\.m2\repository\io\opentelemetry\opentelemetry-sdk-logs\1.36.0\opentelemetry-sdk-logs-1.36.0.jar;C:\Users\Savin\.m2\repository\net\bytebuddy\byte-buddy\1.14.12\byte-buddy-1.14.12.jar;C:\Users\Savin\.m2\repository\org\seleniumhq\selenium\selenium-os\4.19.1\selenium-os-4.19.1.jar;C:\Users\Savin\.m2\repository\org\apache\commons\commons-exec\1.3\commons-exec-1.3.jar;C:\Users\Savin\.m2\repository\org\seleniumhq\selenium\selenium-safari-driver\4.19.1\selenium-safari-driver-4.19.1.jar;C:\Users\Savin\.m2\repository\org\seleniumhq\selenium\selenium-support\4.19.1\selenium-support-4.19.1.jar;C:\Users\Savin\.m2\repository\com\typesafe\config\1.4.1\config-1.4.1.jar;C:\Users\Savin\.m2\repository\org\seleniumhq\selenium\selenium-chrome-driver\4.19.1\selenium-chrome-driver-4.19.1.jar;C:\Users\Savin\.m2\repository\com\google\auto\service\auto-service-annotations\1.1.1\auto-service-annotations-1.1.1.jar;C:\Users\Savin\.m2\repository\org\seleniumhq\selenium\selenium-chromium-driver\4.19.1\selenium-chromium-driver-4.19.1.jar;C:\Users\Savin\.m2\repository\org\seleniumhq\selenium\selenium-json\4.19.1\selenium-json-4.19.1.jar;C:\Users\Savin\.m2\repository\org\seleniumhq\selenium\selenium-manager\4.19.1\selenium-manager-4.19.1.jar;C:\Users\Savin\.m2\repository\com\codeborne\selenide\7.2.3\selenide-7.2.3.jar;C:\Users\Savin\.m2\repository\org\slf4j\slf4j-api\2.0.12\slf4j-api-2.0.12.jar;C:\Users\Savin\.m2\repository\com\codeborne\selenide-core\7.2.3\selenide-core-7.2.3.jar;C:\Users\Savin\.m2\repository\org\opentest4j\opentest4j\1.3.0\opentest4j-1.3.0.jar;C:\Users\Savin\.m2\repository\com\google\guava\guava\33.1.0-jre\guava-33.1.0-jre.jar;C:\Users\Savin\.m2\repository\com\google\guava\failureaccess\1.0.2\failureaccess-1.0.2.jar;C:\Users\Savin\.m2\repository\com\google\guava\listenablefuture\9999.0-empty-to-avoid-conflict-with-guava\listenablefuture-9999.0-empty-to-avoid-conflict-with-guava.jar;C:\Users\Savin\.m2\repository\com\google\code\findbugs\jsr305\3.0.2\jsr305-3.0.2.jar;C:\Users\Savin\.m2\repository\org\checkerframework\checker-qual\3.42.0\checker-qual-3.42.0.jar;C:\Users\Savin\.m2\repository\com\google\errorprone\error_prone_annotations\2.26.1\error_prone_annotations-2.26.1.jar;C:\Users\Savin\.m2\repository\com\google\j2objc\j2objc-annotations\3.0.0\j2objc-annotations-3.0.0.jar;C:\Users\Savin\.m2\repository\org\apache\commons\commons-lang3\3.14.0\commons-lang3-3.14.0.jar;C:\Users\Savin\.m2\repository\commons-io\commons-io\2.16.0\commons-io-2.16.0.jar;C:\Users\Savin\.m2\repository\io\github\bonigarcia\webdrivermanager\5.8.0\webdrivermanager-5.8.0.jar;C:\Users\Savin\.m2\repository\com\google\code\gson\gson\2.10.1\gson-2.10.1.jar;C:\Users\Savin\.m2\repository\com\github\docker-java\docker-java\3.3.6\docker-java-3.3.6.jar;C:\Users\Savin\.m2\repository\com\github\docker-java\docker-java-core\3.3.6\docker-java-core-3.3.6.jar;C:\Users\Savin\.m2\repository\com\github\docker-java\docker-java-api\3.3.6\docker-java-api-3.3.6.jar;C:\Users\Savin\.m2\repository\org\bouncycastle\bcpkix-jdk18on\1.76\bcpkix-jdk18on-1.76.jar;C:\Users\Savin\.m2\repository\org\bouncycastle\bcprov-jdk18on\1.76\bcprov-jdk18on-1.76.jar;C:\Users\Savin\.m2\repository\org\bouncycastle\bcutil-jdk18on\1.76\bcutil-jdk18on-1.76.jar;C:\Users\Savin\.m2\repository\org\slf4j\jcl-over-slf4j\1.7.30\jcl-over-slf4j-1.7.30.jar;C:\Users\Savin\.m2\repository\com\github\docker-java\docker-java-transport-httpclient5\3.3.6\docker-java-transport-httpclient5-3.3.6.jar;C:\Users\Savin\.m2\repository\com\github\docker-java\docker-java-transport\3.3.6\docker-java-transport-3.3.6.jar;C:\Users\Savin\.m2\repository\net\java\dev\jna\jna\5.13.0\jna-5.13.0.jar;C:\Users\Savin\.m2\repository\org\brotli\dec\0.1.2\dec-0.1.2.jar;C:\Users\Savin\.m2\repository\org\apache\commons\commons-compress\1.26.1\commons-compress-1.26.1.jar;C:\Users\Savin\.m2\repository\commons-codec\commons-codec\1.16.1\commons-codec-1.16.1.jar;C:\Users\Savin\.m2\repository\org\apache\httpcomponents\client5\httpclient5\5.2.1\httpclient5-5.2.1.jar;C:\Users\Savin\.m2\repository\org\apache\httpcomponents\core5\httpcore5\5.2\httpcore5-5.2.jar;C:\Users\Savin\.m2\repository\org\apache\httpcomponents\core5\httpcore5-h2\5.2\httpcore5-h2-5.2.jar;C:\Users\Savin\.m2\repository\org\seleniumhq\selenium\selenium-api\4.19.1\selenium-api-4.19.1.jar;C:\Users\Savin\.m2\repository\junit\junit\4.13.2\junit-4.13.2.jar;C:\Users\Savin\.m2\repository\org\hamcrest\hamcrest-core\1.3\hamcrest-core-1.3.jar;C:\Users\Savin\.m2\repository\io\rest-assured\rest-assured\5.4.0\rest-assured-5.4.0.jar;C:\Users\Savin\.m2\repository\org\apache\groovy\groovy\4.0.16\groovy-4.0.16.jar;C:\Users\Savin\.m2\repository\org\apache\groovy\groovy-xml\4.0.16\groovy-xml-4.0.16.jar;C:\Users\Savin\.m2\repository\org\apache\httpcomponents\httpclient\4.5.13\httpclient-4.5.13.jar;C:\Users\Savin\.m2\repository\org\apache\httpcomponents\httpcore\4.4.13\httpcore-4.4.13.jar;C:\Users\Savin\.m2\repository\commons-logging\commons-logging\1.2\commons-logging-1.2.jar;C:\Users\Savin\.m2\repository\org\apache\httpcomponents\httpmime\4.5.13\httpmime-4.5.13.jar;C:\Users\Savin\.m2\repository\org\hamcrest\hamcrest\2.2\hamcrest-2.2.jar;C:\Users\Savin\.m2\repository\org\ccil\cowan\tagsoup\tagsoup\1.2.1\tagsoup-1.2.1.jar;C:\Users\Savin\.m2\repository\io\rest-assured\json-path\5.4.0\json-path-5.4.0.jar;C:\Users\Savin\.m2\repository\org\apache\groovy\groovy-json\4.0.16\groovy-json-4.0.16.jar;C:\Users\Savin\.m2\repository\io\rest-assured\rest-assured-common\5.4.0\rest-assured-common-5.4.0.jar;C:\Users\Savin\.m2\repository\io\rest-assured\xml-path\5.4.0\xml-path-5.4.0.jar;C:\Users\Savin\.m2\repository\log4j\log4j\1.2.17\log4j-1.2.17.jar;C:\Users\Savin\.m2\repository\io\qameta\allure\allure-junit5\2.12.1\allure-junit5-2.12.1.jar;C:\Users\Savin\.m2\repository\io\qameta\allure\allure-junit-platform\2.12.1\allure-junit-platform-2.12.1.jar;C:\Users\Savin\.m2\repository\org\junit\jupiter\junit-jupiter-api\5.4.0\junit-jupiter-api-5.4.0.jar;C:\Users\Savin\.m2\repository\org\apiguardian\apiguardian-api\1.0.0\apiguardian-api-1.0.0.jar;C:\Users\Savin\.m2\repository\org\junit\platform\junit-platform-commons\1.4.0\junit-platform-commons-1.4.0.jar;C:\Users\Savin\.m2\repository\org\junit\platform\junit-platform-launcher\1.4.0\junit-platform-launcher-1.4.0.jar;C:\Users\Savin\.m2\repository\org\junit\platform\junit-platform-engine\1.4.0\junit-platform-engine-1.4.0.jar;C:\Users\Savin\.m2\repository\io\qameta\allure\allure-assertj\2.12.1\allure-assertj-2.12.1.jar;C:\Users\Savin\.m2\repository\io\qameta\allure\allure-rest-assured\2.12.1\allure-rest-assured-2.12.1.jar;C:\Users\Savin\.m2\repository\io\qameta\allure\allure-attachments\2.12.1\allure-attachments-2.12.1.jar;C:\Users\Savin\.m2\repository\org\freemarker\freemarker\2.3.28\freemarker-2.3.28.jar;C:\Users\Savin\.m2\repository\io\qameta\allure\allure-java-commons\2.12.1\allure-java-commons-2.12.1.jar;C:\Users\Savin\.m2\repository\io\qameta\allure\allure-model\2.12.1\allure-model-2.12.1.jar;C:\Users\Savin\.m2\repository\com\fasterxml\jackson\core\jackson-databind\2.9.8\jackson-databind-2.9.8.jar;C:\Users\Savin\.m2\repository\com\fasterxml\jackson\core\jackson-annotations\2.9.0\jackson-annotations-2.9.0.jar;C:\Users\Savin\.m2\repository\com\fasterxml\jackson\core\jackson-core\2.9.8\jackson-core-2.9.8.jar;C:\Users\Savin\.m2\repository\org\apache\tika\tika-core\1.20\tika-core-1.20.jar;C:\Users\Savin\.m2\repository\org\jooq\joor-java-8\0.9.10\joor-java-8-0.9.10.jar;C:\Users\Savin\.m2\repository\io\qameta\allure\allure-selenide\2.12.1\allure-selenide-2.12.1.jar&amp;quot; com.intellij.rt.junit.JUnitStarter -ideVersion5 -junit5 UITestClass&#10;SLF4J(W): No SLF4J providers were found.&#10;SLF4J(W): Defaulting to no-operation (NOP) logger implementation&#10;SLF4J(W): See https://www.slf4j.org/codes.html#noProviders for further details.&#10;мая 05, 2024 4:31:45 PM org.junit.platform.launcher.core.DefaultLauncher handleThrowable&#10;WARNING: TestEngine with ID 'junit-vintage' failed to discover tests&#10;org.junit.platform.commons.JUnitException: Failed to parse version of junit:junit: 4.13.2&#10;&#9;at org.junit.vintage.engine.JUnit4VersionCheck.parseVersion(JUnit4VersionCheck.java:54)&#10;&#9;at org.junit.vintage.engine.JUnit4VersionCheck.checkSupported(JUnit4VersionCheck.java:37)&#10;&#9;at org.junit.vintage.engine.JUnit4VersionCheck.checkSupported(JUnit4VersionCheck.java:32)&#10;&#9;at org.junit.vintage.engine.VintageTestEngine.discover(VintageTestEngine.java:61)&#10;&#9;at org.junit.platform.launcher.core.DefaultLauncher.discoverEngineRoot(DefaultLauncher.java:177)&#10;&#9;at org.junit.platform.launcher.core.DefaultLauncher.discoverRoot(DefaultLauncher.java:164)&#10;&#9;at org.junit.platform.launcher.core.DefaultLauncher.execute(DefaultLauncher.java:128)&#10;&#9;at com.intellij.junit5.JUnit5IdeaTestRunner.startRunnerWithArgs(JUnit5IdeaTestRunner.java:57)&#10;&#9;at com.intellij.rt.junit.IdeaTestRunner$Repeater$1.execute(IdeaTestRunner.java:38)&#10;&#9;at com.intellij.rt.execution.junit.TestsRepeater.repeat(TestsRepeater.java:11)&#10;&#9;at com.intellij.rt.junit.IdeaTestRunner$Repeater.startRunnerWithArgs(IdeaTestRunner.java:35)&#10;&#9;at com.intellij.rt.junit.JUnitStarter.prepareStreamsAndStart(JUnitStarter.java:232)&#10;&#9;at com.intellij.rt.junit.JUnitStarter.main(JUnitStarter.java:55)&#10;&#10;&#10;Process finished with exit code 0&#10;" />
                    </message>
                    <message>
                      <speaker value="ASSISTANT" />
                      <text value="Это сообщение об ошибке указывает на проблему с определением версии JUnit в вашем проекте. Плагин JUnit Vintage Engine, который используется для запуска тестов JUnit 4, не смог распознать версию JUnit, которая используется в вашем проекте.&#10;&#10;Причина ошибки: `Failed to parse version of junit:junit: 4.13.2`&#10;&#10;Это может быть связано с конфликтом зависимостей или проблемой с версией JUnit, которую вы используете.&#10;&#10;Вот несколько возможных решений:&#10;&#10;1. **Проверить версию JUnit**: Убедитесь, что вы используете поддерживаемую версию JUnit. JUnit Vintage Engine поддерживает версии JUnit 4.6 - 4.13. Если вы используете более новую версию JUnit, вам необходимо обновить зависимости в вашем проекте.&#10;&#10;2. **Проверить конфликты зависимостей**: Возможно, в вашем проекте есть конфликт между различными версиями JUnit. Используйте команду `mvn dependency:tree` для проверки зависимостей и выявления возможных конфликтов.&#10;&#10;3. **Исключить JUnit Vintage Engine**: Если вы не используете тесты JUnit 4 в своем проекте, вы можете исключить JUnit Vintage Engine из зависимостей. Для этого добавьте следующий код в секцию `&lt;dependencies&gt;` вашего файла `pom.xml`:&#10;&#10;```xml&#10;&lt;dependency&gt;&#10;    &lt;groupId&gt;org.junit.jupiter&lt;/groupId&gt;&#10;    &lt;artifactId&gt;junit-jupiter-engine&lt;/artifactId&gt;&#10;    &lt;version&gt;${junit.jupiter.version}&lt;/version&gt;&#10;    &lt;scope&gt;test&lt;/scope&gt;&#10;    &lt;exclusions&gt;&#10;        &lt;exclusion&gt;&#10;            &lt;groupId&gt;org.junit.vintage&lt;/groupId&gt;&#10;            &lt;artifactId&gt;junit-vintage-engine&lt;/artifactId&gt;&#10;        &lt;/exclusion&gt;&#10;    &lt;/exclusions&gt;&#10;&lt;/dependency&gt;&#10;```&#10;&#10;4. **Обновить JUnit Vintage Engine**: Если вы действительно используете тесты JUnit 4, попробуйте обновить версию JUnit Vintage Engine в вашем проекте. Добавьте следующую зависимость в файл `pom.xml`:&#10;&#10;```xml&#10;&lt;dependency&gt;&#10;    &lt;groupId&gt;org.junit.vintage&lt;/groupId&gt;&#10;    &lt;artifactId&gt;junit-vintage-engine&lt;/artifactId&gt;&#10;    &lt;version&gt;${junit.vintage.version}&lt;/version&gt;&#10;    &lt;scope&gt;test&lt;/scope&gt;&#10;&lt;/dependency&gt;&#10;```&#10;&#10;Замените `${junit.vintage.version}` на последнюю доступную версию JUnit Vintage Engine.&#10;&#10;После внесения изменений попробуйте очистить кэш Maven (`mvn clean`) и запустить сборку проекта снова." />
                    </message>
                    <message>
                      <speaker value="HUMAN" />
                      <text value="мая 05, 2024 4:33:46 PM org.junit.jupiter.engine.descriptor.TestMethodTestDescriptor lambda$invokeTestWatchers$18&#10;WARNING: Failed to invoke TestWatcher [Base.TestListener] for method [UITestClass#productSearchTestFalse()] with display name [Проверка поиска по артикулу, которого нет]&#10;java.lang.NullPointerException: Cannot invoke &amp;quot;org.openqa.selenium.TakesScreenshot.getScreenshotAs(org.openqa.selenium.OutputType)&amp;quot; because &amp;quot;Base.BaseTest.driver&amp;quot; is null&#10;&#9;at Base.TestListener.testFailed(TestListener.java:17)&#10;&#9;at org.junit.jupiter.engine.descriptor.TestMethodTestDescriptor.lambda$nodeFinished$16(TestMethodTestDescriptor.java:289)&#10;&#9;at org.junit.jupiter.engine.descriptor.TestMethodTestDescriptor.lambda$invokeTestWatchers$18(TestMethodTestDescriptor.java:310)&#10;&#9;at java.base/java.util.ArrayList.forEach(ArrayList.java:1511)&#10;&#9;at org.junit.jupiter.engine.descriptor.TestMethodTestDescriptor.invokeTestWatchers(TestMethodTestDescriptor.java:308)&#10;&#9;at org.junit.jupiter.engine.descriptor.TestMethodTestDescriptor.nodeFinished(TestMethodTestDescriptor.java:280)&#10;&#9;at org.junit.jupiter.engine.descriptor.TestMethodTestDescriptor.nodeFinished(TestMethodTestDescriptor.java:68)&#10;&#9;at org.junit.platform.engine.support.hierarchical.NodeTestTask.reportCompletion(NodeTestTask.java:172)&#10;&#9;at org.junit.platform.engine.support.hierarchical.NodeTestTask.execute(NodeTestTask.java:85)&#10;&#9;at java.base/java.util.ArrayList.forEach(ArrayList.java:1511)&#10;&#9;at org.junit.platform.engine.support.hierarchical.SameThreadHierarchicalTestExecutorService.invokeAll(SameThreadHierarchicalTestExecutorService.java:38)&#10;&#9;at org.junit.platform.engine.support.hierarchical.NodeTestTask.lambda$executeRecursively$5(NodeTestTask.java:139)&#10;&#9;at org.junit.platform.engine.support.hierarchical.ThrowableCollector.execute(ThrowableCollector.java:73)&#10;&#9;at org.junit.platform.engine.support.hierarchical.NodeTestTask.lambda$executeRecursively$7(NodeTestTask.java:125)&#10;&#9;at org.junit.platform.engine.support.hierarchical.Node.around(Node.java:135)&#10;&#9;at org.junit.platform.engine.support.hierarchical.NodeTestTask.lambda$executeRecursively$8(NodeTestTask.java:123)&#10;&#9;at org.junit.platform.engine.support.hierarchical.ThrowableCollector.execute(ThrowableCollector.java:73)&#10;&#9;at org.junit.platform.engine.support.hierarchical.NodeTestTask.executeRecursively(NodeTestTask.java:122)&#10;&#9;at org.junit.platform.engine.support.hierarchical.NodeTestTask.execute(NodeTestTask.java:80)&#10;&#9;at java.base/java.util.ArrayList.forEach(ArrayList.java:1511)&#10;&#9;at org.junit.platform.engine.support.hierarchical.SameThreadHierarchicalTestExecutorService.invokeAll(SameThreadHierarchicalTestExecutorService.java:38)&#10;&#9;at org.junit.platform.engine.support.hierarchical.NodeTestTask.lambda$executeRecursively$5(NodeTestTask.java:139)&#10;&#9;at org.junit.platform.engine.support.hierarchical.ThrowableCollector.execute(ThrowableCollector.java:73)&#10;&#9;at org.junit.platform.engine.support.hierarchical.NodeTestTask.lambda$executeRecursively$7(NodeTestTask.java:125)&#10;&#9;at org.junit.platform.engine.support.hierarchical.Node.around(Node.java:135)&#10;&#9;at org.junit.platform.engine.support.hierarchical.NodeTestTask.lambda$executeRecursively$8(NodeTestTask.java:123)&#10;&#9;at org.junit.platform.engine.support.hierarchical.ThrowableCollector.execute(ThrowableCollector.java:73)&#10;&#9;at org.junit.platform.engine.support.hierarchical.NodeTestTask.executeRecursively(NodeTestTask.java:122)&#10;&#9;at org.junit.platform.engine.support.hierarchical.NodeTestTask.execute(NodeTestTask.java:80)&#10;&#9;at org.junit.platform.engine.support.hierarchical.SameThreadHierarchicalTestExecutorService.submit(SameThreadHierarchicalTestExecutorService.java:32)&#10;&#9;at org.junit.platform.engine.support.hierarchical.HierarchicalTestExecutor.execute(HierarchicalTestExecutor.java:57)&#10;&#9;at org.junit.platform.engine.support.hierarchical.HierarchicalTestEngine.execute(HierarchicalTestEngine.java:51)&#10;&#9;at org.junit.platform.launcher.core.DefaultLauncher.execute(DefaultLauncher.java:229)&#10;&#9;at org.junit.platform.launcher.core.DefaultLauncher.lambda$execute$6(DefaultLauncher.java:197)&#10;&#9;at org.junit.platform.launcher.core.DefaultLauncher.withInterceptedStreams(DefaultLauncher.java:211)&#10;&#9;at org.junit.platform.launcher.core.DefaultLauncher.execute(DefaultLauncher.java:191)&#10;&#9;at org.junit.platform.launcher.core.DefaultLauncher.execute(DefaultLauncher.java:128)&#10;&#9;at com.intellij.junit5.JUnit5IdeaTestRunner.startRunnerWithArgs(JUnit5IdeaTestRunner.java:57)&#10;&#9;at com.intellij.rt.junit.IdeaTestRunner$Repeater$1.execute(IdeaTestRunner.java:38)&#10;&#9;at com.intellij.rt.execution.junit.TestsRepeater.repeat(TestsRepeater.java:11)&#10;&#9;at com.intellij.rt.junit.IdeaTestRunner$Repeater.startRunnerWithArgs(IdeaTestRunner.java:35)&#10;&#9;at com.intellij.rt.junit.JUnitStarter.prepareStreamsAndStart(JUnitStarter.java:232)&#10;&#9;at com.intellij.rt.junit.JUnitStarter.main(JUnitStarter.java:55)&#10;&#10;&#10;org.openqa.selenium.SessionNotCreatedException: Could not start a new session. Possible causes are invalid address of the remote server or browser start-up failure. &#10;Host info: host: 'DESKTOP-Q10N28E', ip: '192.168.0.109'&#10;Build info: version: '4.19.1', revision: 'abe0ee07dc'&#10;System info: os.name: 'Windows 10', os.arch: 'amd64', os.version: '10.0', java.version: '17.0.6'&#10;Driver info: org.openqa.selenium.chrome.ChromeDriver&#10;Command: [null, newSession {capabilities=[Capabilities {browserName: chrome, goog:chromeOptions: {args: [], extensions: []}}]}]&#10;&#10;&#9;at org.openqa.selenium.remote.RemoteWebDriver.execute(RemoteWebDriver.java:536)&#10;&#9;at org.openqa.selenium.remote.RemoteWebDriver.startSession(RemoteWebDriver.java:232)&#10;&#9;at org.openqa.selenium.remote.RemoteWebDriver.&amp;lt;init&amp;gt;(RemoteWebDriver.java:161)&#10;&#9;at org.openqa.selenium.chromium.ChromiumDriver.&amp;lt;init&amp;gt;(ChromiumDriver.java:114)&#10;&#9;at org.openqa.selenium.chrome.ChromeDriver.&amp;lt;init&amp;gt;(ChromeDriver.java:89)&#10;&#9;at org.openqa.selenium.chrome.ChromeDriver.&amp;lt;init&amp;gt;(ChromeDriver.java:84)&#10;&#9;at org.openqa.selenium.chrome.ChromeDriver.&amp;lt;init&amp;gt;(ChromeDriver.java:73)&#10;&#9;at Base.BaseTest.setUp(BaseTest.java:27)&#10;&#9;at java.base/jdk.internal.reflect.NativeMethodAccessorImpl.invoke0(Native Method)&#10;&#9;at java.base/jdk.internal.reflect.NativeMethodAccessorImpl.invoke(NativeMethodAccessorImpl.java:77)&#10;&#9;at java.base/jdk.internal.reflect.DelegatingMethodAccessorImpl.invoke(DelegatingMethodAccessorImpl.java:43)&#10;&#9;at java.base/java.lang.reflect.Method.invoke(Method.java:568)&#10;&#9;at org.junit.platform.commons.util.ReflectionUtils.invokeMethod(ReflectionUtils.java:628)&#10;&#9;at org.junit.jupiter.engine.execution.ExecutableInvoker.invoke(ExecutableInvoker.java:117)&#10;&#9;at org.junit.jupiter.engine.descriptor.ClassTestDescriptor.invokeMethodInExtensionContext(ClassTestDescriptor.java:439)&#10;&#9;at org.junit.jupiter.engine.descriptor.ClassTestDescriptor.lambda$synthesizeBeforeEachMethodAdapter$15(ClassTestDescriptor.java:427)&#10;&#9;at org.junit.jupiter.engine.descriptor.TestMethodTestDescriptor.lambda$invokeBeforeEachMethods$3(TestMethodTestDescriptor.java:149)&#10;&#9;at org.junit.platform.engine.support.hierarchical.ThrowableCollector.execute(ThrowableCollector.java:73)&#10;&#9;at org.junit.jupiter.engine.descriptor.TestMethodTestDescriptor.invokeBeforeMethodsOrCallbacksUntilExceptionOccurs(TestMethodTestDescriptor.java:169)&#10;&#9;at org.junit.jupiter.engine.descriptor.TestMethodTestDescriptor.invokeBeforeEachMethods(TestMethodTestDescriptor.java:148)&#10;&#9;at org.junit.jupiter.engine.descriptor.TestMethodTestDescriptor.execute(TestMethodTestDescriptor.java:123)&#10;&#9;at org.junit.jupiter.engine.descriptor.TestMethodTestDescriptor.execute(TestMethodTestDescriptor.java:68)&#10;&#9;at org.junit.platform.engine.support.hierarchical.NodeTestTask.lambda$executeRecursively$5(NodeTestTask.java:135)&#10;&#9;at org.junit.platform.engine.support.hierarchical.ThrowableCollector.execute(ThrowableCollector.java:73)&#10;&#9;at org.junit.platform.engine.support.hierarchical.NodeTestTask.lambda$executeRecursively$7(NodeTestTask.java:125)&#10;&#9;at org.junit.platform.engine.support.hierarchical.Node.around(Node.java:135)&#10;&#9;at org.junit.platform.engine.support.hierarchical.NodeTestTask.lambda$executeRecursively$8(NodeTestTask.java:123)&#10;&#9;at org.junit.platform.engine.support.hierarchical.ThrowableCollector.execute(ThrowableCollector.java:73)&#10;&#9;at org.junit.platform.engine.support.hierarchical.NodeTestTask.executeRecursively(NodeTestTask.java:122)&#10;&#9;at org.junit.platform.engine.support.hierarchical.NodeTestTask.execute(NodeTestTask.java:80)&#10;&#9;at java.base/java.util.ArrayList.forEach(ArrayList.java:1511)&#10;&#9;at org.junit.platform.engine.support.hierarchical.SameThreadHierarchicalTestExecutorService.invokeAll(SameThreadHierarchicalTestExecutorService.java:38)&#10;&#9;at org.junit.platform.engine.support.hierarchical.NodeTestTask.lambda$executeRecursively$5(NodeTestTask.java:139)&#10;&#9;at org.junit.platform.engine.support.hierarchical.ThrowableCollector.execute(ThrowableCollector.java:73)&#10;&#9;at org.junit.platform.engine.support.hierarchical.NodeTestTask.lambda$executeRecursively$7(NodeTestTask.java:125)&#10;&#9;at org.junit.platform.engine.support.hierarchical.Node.around(Node.java:135)&#10;&#9;at org.junit.platform.engine.support.hierarchical.NodeTestTask.lambda$executeRecursively$8(NodeTestTask.java:123)&#10;&#9;at org.junit.platform.engine.support.hierarchical.ThrowableCollector.execute(ThrowableCollector.java:73)&#10;&#9;at org.junit.platform.engine.support.hierarchical.NodeTestTask.executeRecursively(NodeTestTask.java:122)&#10;&#9;at org.junit.platform.engine.support.hierarchical.NodeTestTask.execute(NodeTestTask.java:80)&#10;&#9;at java.base/java.util.ArrayList.forEach(ArrayList.java:1511)&#10;&#9;at org.junit.platform.engine.support.hierarchical.SameThreadHierarchicalTestExecutorService.invokeAll(SameThreadHierarchicalTestExecutorService.java:38)&#10;&#9;at org.junit.platform.engine.support.hierarchical.NodeTestTask.lambda$executeRecursively$5(NodeTestTask.java:139)&#10;&#9;at org.junit.platform.engine.support.hierarchical.ThrowableCollector.execute(ThrowableCollector.java:73)&#10;&#9;at org.junit.platform.engine.support.hierarchical.NodeTestTask.lambda$executeRecursively$7(NodeTestTask.java:125)&#10;&#9;at org.junit.platform.engine.support.hierarchical.Node.around(Node.java:135)&#10;&#9;at org.junit.platform.engine.support.hierarchical.NodeTestTask.lambda$executeRecursively$8(NodeTestTask.java:123)&#10;&#9;at org.junit.platform.engine.support.hierarchical.ThrowableCollector.execute(ThrowableCollector.java:73)&#10;&#9;at org.junit.platform.engine.support.hierarchical.NodeTestTask.executeRecursively(NodeTestTask.java:122)&#10;&#9;at org.junit.platform.engine.support.hierarchical.NodeTestTask.execute(NodeTestTask.java:80)&#10;&#9;at org.junit.platform.engine.support.hierarchical.SameThreadHierarchicalTestExecutorService.submit(SameThreadHierarchicalTestExecutorService.java:32)&#10;&#9;at org.junit.platform.engine.support.hierarchical.HierarchicalTestExecutor.execute(HierarchicalTestExecutor.java:57)&#10;&#9;at org.junit.platform.engine.support.hierarchical.HierarchicalTestEngine.execute(HierarchicalTestEngine.java:51)&#10;&#9;at org.junit.platform.launcher.core.DefaultLauncher.execute(DefaultLauncher.java:229)&#10;&#9;at org.junit.platform.launcher.core.DefaultLauncher.lambda$execute$6(DefaultLauncher.java:197)&#10;&#9;at org.junit.platform.launcher.core.DefaultLauncher.withInterceptedStreams(DefaultLauncher.java:211)&#10;&#9;at org.junit.platform.launcher.core.DefaultLauncher.execute(DefaultLauncher.java:191)&#10;&#9;at org.junit.platform.launcher.core.DefaultLauncher.execute(DefaultLauncher.java:128)&#10;&#9;at com.intellij.junit5.JUnit5IdeaTestRunner.startRunnerWithArgs(JUnit5IdeaTestRunner.java:57)&#10;&#9;at com.intellij.rt.junit.IdeaTestRunner$Repeater$1.execute(IdeaTestRunner.java:38)&#10;&#9;at com.intellij.rt.execution.junit.TestsRepeater.repeat(TestsRepeater.java:11)&#10;&#9;at com.intellij.rt.junit.IdeaTestRunner$Repeater.startRunnerWithArgs(IdeaTestRunner.java:35)&#10;&#9;at com.intellij.rt.junit.JUnitStarter.prepareStreamsAndStart(JUnitStarter.java:232)&#10;&#9;at com.intellij.rt.junit.JUnitStarter.main(JUnitStarter.java:55)&#10;Caused by: java.io.UncheckedIOException: java.io.IOException: Cannot run program &amp;quot;C:\AQAPractice\HomefeelAQAPractise\HFTesting\src\main\resources\chromedriver&amp;quot;: CreateProcess error=193, %1 не является приложением Win32&#10;&#9;at org.openqa.selenium.os.ExternalProcess$Builder.start(ExternalProcess.java:193)&#10;&#9;at org.openqa.selenium.remote.service.DriverService.start(DriverService.java:207)&#10;&#9;at org.openqa.selenium.remote.service.DriverCommandExecutor.execute(DriverCommandExecutor.java:117)&#10;&#9;at org.openqa.selenium.remote.RemoteWebDriver.execute(RemoteWebDriver.java:518)&#10;&#9;... 63 more&#10;Caused by: java.io.IOException: Cannot run program &amp;quot;C:\AQAPractice\HomefeelAQAPractise\HFTesting\src\main\resources\chromedriver&amp;quot;: CreateProcess error=193, %1 не является приложением Win32&#10;&#9;at java.base/java.lang.ProcessBuilder.start(ProcessBuilder.java:1143)&#10;&#9;at java.base/java.lang.ProcessBuilder.start(ProcessBuilder.java:1073)&#10;&#9;at org.openqa.selenium.os.ExternalProcess$Builder.start(ExternalProcess.java:191)&#10;&#9;... 66 more&#10;Caused by: java.io.IOException: CreateProcess error=193, %1 не является приложением Win32&#10;&#9;at java.base/java.lang.ProcessImpl.create(Native Method)&#10;&#9;at java.base/java.lang.ProcessImpl.&amp;lt;init&amp;gt;(ProcessImpl.java:499)&#10;&#9;at java.base/java.lang.ProcessImpl.start(ProcessImpl.java:158)&#10;&#9;at java.base/java.lang.ProcessBuilder.start(ProcessBuilder.java:1110)&#10;&#9;... 68 more&#10;&#10;" />
                    </message>
                    <message>
                      <speaker value="ASSISTANT" />
                      <text value="Эта ошибка связана с проблемой запуска драйвера Chrome (chromedriver) в вашем проекте. Согласно сообщению об ошибке, возникает исключение `SessionNotCreatedException`, которое указывает на то, что не удалось запустить новую сессию браузера.&#10;&#10;Причина ошибки: `Cannot run program &quot;C:\AQAPractice\HomefeelAQAPractise\HFTesting\src\main\resources\chromedriver&quot;: CreateProcess error=193, %1 не является приложением Win32`&#10;&#10;Это означает, что система не может запустить исполняемый файл chromedriver, который находится в указанном пути. Возможные причины:&#10;&#10;1. **Неверный путь к chromedriver**: Путь `C:\AQAPractice\HomefeelAQAPractise\HFTesting\src\main\resources\chromedriver` может быть неверным или устаревшим. Убедитесь, что chromedriver находится в правильном месте и что путь к нему указан корректно.&#10;&#10;2. **Несовместимая версия chromedriver**: Версия chromedriver может быть несовместима с установленной версией браузера Chrome. Убедитесь, что вы используете правильную версию chromedriver для вашей версии Chrome.&#10;&#10;3. **Проблемы с правами доступа**: Возможно, у вашего пользователя недостаточно прав для запуска chromedriver. Попробуйте запустить IntelliJ IDEA от имени администратора.&#10;&#10;4. **Проблемы с антивирусным программным обеспечением**: Антивирусное программное обеспечение может блокировать запуск chromedriver. Попробуйте временно отключить антивирус и проверить, решит ли это проблему.&#10;&#10;Вот несколько возможных решений:&#10;&#10;1. **Проверить путь к chromedriver**: Убедитесь, что путь к chromedriver указан правильно в вашем коде. Например, в классе `BaseTest` измените строку `private final String rootToChromeDriver = &quot;C:\\AQAPractice\\HomefeelAQAPractise\\HFTesting\\src\\main\\resources\\chromedriver&quot;;` на правильный путь к chromedriver.&#10;&#10;2. **Использовать WebDriverManager**: Вместо указания пути к chromedriver вручную, вы можете использовать библиотеку WebDriverManager, которая автоматически загрузит и настроит нужную версию драйвера. Добавьте следующие зависимости в ваш файл `pom.xml`:&#10;&#10;```xml&#10;&lt;dependency&gt;&#10;    &lt;groupId&gt;io.github.bonigarcia&lt;/groupId&gt;&#10;    &lt;artifactId&gt;webdrivermanager&lt;/artifactId&gt;&#10;    &lt;version&gt;5.3.2&lt;/version&gt;&#10;&lt;/dependency&gt;&#10;```&#10;&#10;Затем в классе `BaseTest` замените строку `System.setProperty(&quot;webdriver.chrome.driver&quot;, rootToChromeDriver);` на `new WebDriverManager().chromedriver().setup();`.&#10;&#10;3. **Проверить права доступа**: Попробуйте запустить IntelliJ IDEA от имени администратора, чтобы убедиться, что проблема не связана с правами доступа.&#10;&#10;4. **Отключить антивирусное программное обеспечение**: Временно отключите антивирусное программное обеспечение и проверьте, решит ли это проблему.&#10;&#10;Если ни одно из этих решений не помогает, вы можете попробовать удалить chromedriver и загрузить его заново, а также проверить журналы IntelliJ IDEA и Maven на наличие дополнительной информации об ошибке." />
                    </message>
                  </list>
                </messages>
                <updatedAt value="2024-05-05T16:34:08.6231939" />
              </chat>
            </list>
          </chats>
          <defaultLlm>
            <llm>
              <model value="anthropic/claude-3-sonnet-20240229" />
              <provider value="Anthropic" />
              <title value="Claude 3 Sonnet" />
            </llm>
          </defaultLlm>
        </AccountData>
      </list>
    </accountData>
  </component>
</project>